This file contains any messages produced by compilers while
running configure, to aid debugging if configure makes a mistake.

It was created by hello configure 1.0, which was
generated by GNU Autoconf 2.59.  Invocation command line was

  $ ./configure --no-create --no-recursion

## --------- ##
## Platform. ##
## --------- ##

hostname = linux
uname -m = i686
uname -r = 2.6.5-7.147-default
uname -s = Linux
uname -v = #1 Thu Jan 27 09:19:29 UTC 2005

/usr/bin/uname -p = unknown
/bin/uname -X     = unknown

/bin/arch              = i686
/usr/bin/arch -k       = unknown
/usr/convex/getsysinfo = unknown
hostinfo               = unknown
/bin/machine           = unknown
/usr/bin/oslevel       = unknown
/bin/universe          = unknown

PATH: /home/sarahg/bin
PATH: /usr/local/bin
PATH: /usr/bin
PATH: /usr/X11R6/bin
PATH: /bin
PATH: /usr/games
PATH: /usr/local/firefox
PATH: /opt/gnome/bin
PATH: /opt/kde3/bin
PATH: /usr/lib/java/bin


## ----------- ##
## Core tests. ##
## ----------- ##

configure:1311: checking for a BSD-compatible install
configure:1366: result: /usr/bin/install -c
configure:1377: checking whether build environment is sane
configure:1420: result: yes
configure:1477: checking for gawk
configure:1493: found /usr/bin/gawk
configure:1503: result: gawk
configure:1513: checking whether make sets $(MAKE)
configure:1533: result: yes
configure:1749: checking for gcc
configure:1765: found /usr/local/bin/gcc
configure:1775: result: gcc
configure:2019: checking for C compiler version
configure:2022: gcc --version </dev/null >&5
gcc (GCC) 3.3.3 (SuSE Linux)
Copyright (C) 2003 Free Software Foundation, Inc.
This is free software; see the source for copying conditions.  There is NO
warranty; not even for MERCHANTABILITY or FITNESS FOR A PARTICULAR PURPOSE.

configure:2025: $? = 0
configure:2027: gcc -v </dev/null >&5
Reading specs from /usr/lib/gcc-lib/i586-suse-linux/3.3.3/specs
Configured with: ../configure --enable-threads=posix --prefix=/usr --with-local-prefix=/usr/local --infodir=/usr/share/info --mandir=/usr/share/man --enable-languages=c,c++,f77,objc,java,ada --disable-checking --libdir=/usr/lib --enable-libgcj --with-gxx-include-dir=/usr/include/g++ --with-slibdir=/lib --with-system-zlib --enable-shared --enable-__cxa_atexit i586-suse-linux
Thread model: posix
gcc version 3.3.3 (SuSE Linux)
configure:2030: $? = 0
configure:2032: gcc -V </dev/null >&5
gcc: `-V' option must have argument
configure:2035: $? = 1
configure:2058: checking for C compiler default output file name
configure:2061: gcc    conftest.c  >&5
configure:2064: $? = 0
configure:2110: result: a.out
configure:2115: checking whether the C compiler works
configure:2121: ./a.out
configure:2124: $? = 0
configure:2141: result: yes
configure:2148: checking whether we are cross compiling
configure:2150: result: no
configure:2153: checking for suffix of executables
configure:2155: gcc -o conftest    conftest.c  >&5
configure:2158: $? = 0
configure:2183: result: 
configure:2189: checking for suffix of object files
configure:2210: gcc -c   conftest.c >&5
configure:2213: $? = 0
configure:2235: result: o
configure:2239: checking whether we are using the GNU C compiler
configure:2263: gcc -c   conftest.c >&5
configure:2269: $? = 0
configure:2273: test -z 
			 || test ! -s conftest.err
configure:2276: $? = 0
configure:2279: test -s conftest.o
configure:2282: $? = 0
configure:2295: result: yes
configure:2301: checking whether gcc accepts -g
configure:2322: gcc -c -g  conftest.c >&5
configure:2328: $? = 0
configure:2332: test -z 
			 || test ! -s conftest.err
configure:2335: $? = 0
configure:2338: test -s conftest.o
configure:2341: $? = 0
configure:2352: result: yes
configure:2369: checking for gcc option to accept ANSI C
configure:2439: gcc  -c -g -O2  conftest.c >&5
configure:2445: $? = 0
configure:2449: test -z 
			 || test ! -s conftest.err
configure:2452: $? = 0
configure:2455: test -s conftest.o
configure:2458: $? = 0
configure:2476: result: none needed
configure:2494: gcc -c -g -O2  conftest.c >&5
conftest.c:2: error: parse error before "me"
configure:2500: $? = 1
configure: failed program was:
| #ifndef __cplusplus
|   choke me
| #endif
configure:2644: checking for style of include used by make
configure:2672: result: GNU
configure:2700: checking dependency style of gcc
configure:2785: result: gcc3
configure:2919: creating ./config.status

## ---------------- ##
## Cache variables. ##
## ---------------- ##

ac_cv_c_compiler_gnu=yes
ac_cv_env_CC_set=
ac_cv_env_CC_value=
ac_cv_env_CFLAGS_set=
ac_cv_env_CFLAGS_value=
ac_cv_env_CPPFLAGS_set=
ac_cv_env_CPPFLAGS_value=
ac_cv_env_LDFLAGS_set=
ac_cv_env_LDFLAGS_value=
ac_cv_env_build_alias_set=
ac_cv_env_build_alias_value=
ac_cv_env_host_alias_set=
ac_cv_env_host_alias_value=
ac_cv_env_target_alias_set=
ac_cv_env_target_alias_value=
ac_cv_exeext=
ac_cv_objext=o
ac_cv_path_install='/usr/bin/install -c'
ac_cv_prog_AWK=gawk
ac_cv_prog_ac_ct_CC=gcc
ac_cv_prog_cc_g=yes
ac_cv_prog_cc_stdc=
ac_cv_prog_make_make_set=yes
am_cv_CC_dependencies_compiler_type=gcc3

## ----------------- ##
## Output variables. ##
## ----------------- ##

ACLOCAL='${SHELL} /home/sarahg/autotools/test1/missing --run aclocal-1.8'
AMDEPBACKSLASH='\'
AMDEP_FALSE='#'
AMDEP_TRUE=''
AMTAR='${SHELL} /home/sarahg/autotools/test1/missing --run tar'
AUTOCONF='${SHELL} /home/sarahg/autotools/test1/missing --run autoconf'
AUTOHEADER='${SHELL} /home/sarahg/autotools/test1/missing --run autoheader'
AUTOMAKE='${SHELL} /home/sarahg/autotools/test1/missing --run automake-1.8'
AWK='gawk'
CC='gcc'
CCDEPMODE='depmode=gcc3'
CFLAGS='-g -O2'
CPPFLAGS=''
CYGPATH_W='echo'
DEFS='-DHAVE_CONFIG_H'
DEPDIR='.deps'
ECHO_C=''
ECHO_N='-n'
ECHO_T=''
EXEEXT=''
INSTALL_DATA='${INSTALL} -m 644'
INSTALL_PROGRAM='${INSTALL}'
INSTALL_SCRIPT='${INSTALL}'
INSTALL_STRIP_PROGRAM='${SHELL} $(install_sh) -c -s'
LDFLAGS=''
LIBOBJS=''
LIBS=''
LTLIBOBJS=''
MAKEINFO='${SHELL} /home/sarahg/autotools/test1/missing --run makeinfo'
OBJEXT='o'
PACKAGE='hello'
PACKAGE_BUGREPORT='sarah@developingprogrammers.com'
PACKAGE_NAME='hello'
PACKAGE_STRING='hello 1.0'
PACKAGE_TARNAME='hello'
PACKAGE_VERSION='1.0'
PATH_SEPARATOR=':'
SET_MAKE=''
SHELL='/bin/sh'
STRIP=''
VERSION='1.0'
ac_ct_CC='gcc'
ac_ct_STRIP=''
am__fastdepCC_FALSE='#'
am__fastdepCC_TRUE=''
am__include='include'
am__leading_dot='.'
am__quote=''
bindir='${exec_prefix}/bin'
build_alias=''
datadir='${prefix}/share'
exec_prefix='${prefix}'
host_alias=''
includedir='${prefix}/include'
infodir='${prefix}/info'
install_sh='/home/sarahg/autotools/test1/install-sh'
libdir='${exec_prefix}/lib'
libexecdir='${exec_prefix}/libexec'
localstatedir='${prefix}/var'
mandir='${prefix}/man'
mkdir_p='mkdir -p -- .'
oldincludedir='/usr/include'
prefix='/usr/local'
program_transform_name='s,x,x,'
sbindir='${exec_prefix}/sbin'
sharedstatedir='${prefix}/com'
sysconfdir='${prefix}/etc'
target_alias=''

## ----------- ##
## confdefs.h. ##
## ----------- ##

#define PACKAGE "hello"
#define PACKAGE_BUGREPORT "sarah@developingprogrammers.com"
#define PACKAGE_NAME "hello"
#define PACKAGE_STRING "hello 1.0"
#define PACKAGE_TARNAME "hello"
#define PACKAGE_VERSION "1.0"
#define VERSION "1.0"

configure: exit 0

## ---------------------- ##
## Running config.status. ##
## ---------------------- ##

This file was extended by hello config.status 1.0, which was
generated by GNU Autoconf 2.59.  Invocation command line was

  CONFIG_FILES    = 
  CONFIG_HEADERS  = 
  CONFIG_LINKS    = 
  CONFIG_COMMANDS = 
  $ ./config.status 

on linux

config.status:686: creating Makefile
config.status:686: creating src/Makefile
config.status:790: creating config.h
config.status:876: config.h is unchanged
config.status:1056: executing depfiles commands

## ---------------------- ##
## Running config.status. ##
## ---------------------- ##

This file was extended by hello config.status 1.0, which was
generated by GNU Autoconf 2.59.  Invocation command line was

  CONFIG_FILES    = 
  CONFIG_HEADERS  = 
  CONFIG_LINKS    = 
  CONFIG_COMMANDS = 
  $ ./config.status config.h

on linux

config.status:790: creating config.h
